-------------------------------------------------------------------------------
Test set: com.example.EPG.EpgServiceTest
-------------------------------------------------------------------------------
Tests run: 1, Failures: 1, Errors: 0, Skipped: 0, Time elapsed: 0.173 s <<< FAILURE! - in com.example.EPG.EpgServiceTest
testEpgService  Time elapsed: 0.072 s  <<< FAILURE!
org.opentest4j.AssertionFailedError: expected: <com.example.EPG.ProgramGuide@3f191845> but was: <com.example.EPG.ProgramGuide@5f049ea1>
	at com.example.EPG.EpgServiceTest.testEpgService(EpgServiceTest.java:60)

